<?xml version="1.0" encoding="UTF-8"?>
<testng-results ignored="0" total="140" passed="139" failed="1" skipped="0">
  <reporter-output>
  </reporter-output>
  <suite started-at="2023-08-21T19:18:56 EDT" name="Default suite" finished-at="2023-08-21T19:30:47 EDT" duration-ms="710969">
    <groups>
      <group name="cucumber">
        <method signature="AbstractTestNGCucumberTests.runScenario(io.cucumber.testng.PickleWrapper,io.cucumber.testng.FeatureWrapper)[pri:0, instance:runner.TestRunner@50f6ac94]" name="runScenario" class="io.cucumber.testng.AbstractTestNGCucumberTests"/>
      </group> <!-- cucumber -->
    </groups>
    <test started-at="2023-08-21T19:18:56 EDT" name="Default test" finished-at="2023-08-21T19:30:47 EDT" duration-ms="710969">
      <class name="runner.TestRunner">
        <test-method is-config="true" signature="setUpClass(org.testng.ITestContext)[pri:0, instance:runner.TestRunner@50f6ac94]" started-at="2023-08-21T19:18:56 EDT" name="setUpClass" finished-at="2023-08-21T19:18:57 EDT" duration-ms="855" status="PASS">
          <params>
            <param index="0">
              <value>
                <![CDATA[org.testng.TestRunner@4c05575e]]>
              </value>
            </param>
          </params>
          <reporter-output>
          </reporter-output>
        </test-method> <!-- setUpClass -->
        <test-method signature="runScenario(io.cucumber.testng.PickleWrapper,io.cucumber.testng.FeatureWrapper)[pri:0, instance:runner.TestRunner@50f6ac94]" started-at="2023-08-21T19:18:57 EDT" name="runScenario" description="Runs Cucumber Scenarios" data-provider="scenarios" finished-at="2023-08-21T19:19:02 EDT" duration-ms="4592" status="PASS">
          <params>
            <param index="0">
              <value>
                <![CDATA["User enters arrays Page"]]>
              </value>
            </param>
            <param index="1">
              <value>
                <![CDATA["Array verification"]]>
              </value>
            </param>
          </params>
          <reporter-output>
          </reporter-output>
        </test-method> <!-- runScenario -->
        <test-method signature="runScenario(io.cucumber.testng.PickleWrapper,io.cucumber.testng.FeatureWrapper)[pri:0, instance:runner.TestRunner@50f6ac94]" started-at="2023-08-21T19:19:02 EDT" name="runScenario" description="Runs Cucumber Scenarios" data-provider="scenarios" finished-at="2023-08-21T19:19:09 EDT" duration-ms="7046" status="PASS">
          <params>
            <param index="0">
              <value>
                <![CDATA["TryEditor link with valid code  in each page"]]>
              </value>
            </param>
            <param index="1">
              <value>
                <![CDATA["Array verification"]]>
              </value>
            </param>
          </params>
          <reporter-output>
          </reporter-output>
        </test-method> <!-- runScenario -->
        <test-method signature="runScenario(io.cucumber.testng.PickleWrapper,io.cucumber.testng.FeatureWrapper)[pri:0, instance:runner.TestRunner@50f6ac94]" started-at="2023-08-21T19:19:09 EDT" name="runScenario" description="Runs Cucumber Scenarios" data-provider="scenarios" finished-at="2023-08-21T19:19:14 EDT" duration-ms="5579" status="PASS">
          <params>
            <param index="0">
              <value>
                <![CDATA["TryEditor link with valid code  in each page"]]>
              </value>
            </param>
            <param index="1">
              <value>
                <![CDATA["Array verification"]]>
              </value>
            </param>
          </params>
          <reporter-output>
          </reporter-output>
        </test-method> <!-- runScenario -->
        <test-method signature="runScenario(io.cucumber.testng.PickleWrapper,io.cucumber.testng.FeatureWrapper)[pri:0, instance:runner.TestRunner@50f6ac94]" started-at="2023-08-21T19:19:14 EDT" name="runScenario" description="Runs Cucumber Scenarios" data-provider="scenarios" finished-at="2023-08-21T19:19:21 EDT" duration-ms="6693" status="PASS">
          <params>
            <param index="0">
              <value>
                <![CDATA["TryEditor link with valid code  in each page"]]>
              </value>
            </param>
            <param index="1">
              <value>
                <![CDATA["Array verification"]]>
              </value>
            </param>
          </params>
          <reporter-output>
          </reporter-output>
        </test-method> <!-- runScenario -->
        <test-method signature="runScenario(io.cucumber.testng.PickleWrapper,io.cucumber.testng.FeatureWrapper)[pri:0, instance:runner.TestRunner@50f6ac94]" started-at="2023-08-21T19:19:21 EDT" name="runScenario" description="Runs Cucumber Scenarios" data-provider="scenarios" finished-at="2023-08-21T19:19:28 EDT" duration-ms="6417" status="PASS">
          <params>
            <param index="0">
              <value>
                <![CDATA["TryEditor link with valid code  in each page"]]>
              </value>
            </param>
            <param index="1">
              <value>
                <![CDATA["Array verification"]]>
              </value>
            </param>
          </params>
          <reporter-output>
          </reporter-output>
        </test-method> <!-- runScenario -->
        <test-method signature="runScenario(io.cucumber.testng.PickleWrapper,io.cucumber.testng.FeatureWrapper)[pri:0, instance:runner.TestRunner@50f6ac94]" started-at="2023-08-21T19:19:28 EDT" name="runScenario" description="Runs Cucumber Scenarios" data-provider="scenarios" finished-at="2023-08-21T19:19:34 EDT" duration-ms="6135" status="PASS">
          <params>
            <param index="0">
              <value>
                <![CDATA["TryEditor link with valid code  in each page"]]>
              </value>
            </param>
            <param index="1">
              <value>
                <![CDATA["Array verification"]]>
              </value>
            </param>
          </params>
          <reporter-output>
          </reporter-output>
        </test-method> <!-- runScenario -->
        <test-method signature="runScenario(io.cucumber.testng.PickleWrapper,io.cucumber.testng.FeatureWrapper)[pri:0, instance:runner.TestRunner@50f6ac94]" started-at="2023-08-21T19:19:34 EDT" name="runScenario" description="Runs Cucumber Scenarios" data-provider="scenarios" finished-at="2023-08-21T19:19:40 EDT" duration-ms="6702" status="PASS">
          <params>
            <param index="0">
              <value>
                <![CDATA["TryEditor link with valid code  in each page"]]>
              </value>
            </param>
            <param index="1">
              <value>
                <![CDATA["Array verification"]]>
              </value>
            </param>
          </params>
          <reporter-output>
          </reporter-output>
        </test-method> <!-- runScenario -->
        <test-method signature="runScenario(io.cucumber.testng.PickleWrapper,io.cucumber.testng.FeatureWrapper)[pri:0, instance:runner.TestRunner@50f6ac94]" started-at="2023-08-21T19:19:40 EDT" name="runScenario" description="Runs Cucumber Scenarios" data-provider="scenarios" finished-at="2023-08-21T19:19:46 EDT" duration-ms="5639" status="PASS">
          <params>
            <param index="0">
              <value>
                <![CDATA["TryEditor link with valid code  in each page"]]>
              </value>
            </param>
            <param index="1">
              <value>
                <![CDATA["Array verification"]]>
              </value>
            </param>
          </params>
          <reporter-output>
          </reporter-output>
        </test-method> <!-- runScenario -->
        <test-method signature="runScenario(io.cucumber.testng.PickleWrapper,io.cucumber.testng.FeatureWrapper)[pri:0, instance:runner.TestRunner@50f6ac94]" started-at="2023-08-21T19:19:46 EDT" name="runScenario" description="Runs Cucumber Scenarios" data-provider="scenarios" finished-at="2023-08-21T19:19:52 EDT" duration-ms="6031" status="PASS">
          <params>
            <param index="0">
              <value>
                <![CDATA["TryEditor link with valid code  in each page"]]>
              </value>
            </param>
            <param index="1">
              <value>
                <![CDATA["Array verification"]]>
              </value>
            </param>
          </params>
          <reporter-output>
          </reporter-output>
        </test-method> <!-- runScenario -->
        <test-method signature="runScenario(io.cucumber.testng.PickleWrapper,io.cucumber.testng.FeatureWrapper)[pri:0, instance:runner.TestRunner@50f6ac94]" started-at="2023-08-21T19:19:52 EDT" name="runScenario" description="Runs Cucumber Scenarios" data-provider="scenarios" finished-at="2023-08-21T19:19:59 EDT" duration-ms="6742" status="PASS">
          <params>
            <param index="0">
              <value>
                <![CDATA["TryEditor in each links with valid code"]]>
              </value>
            </param>
            <param index="1">
              <value>
                <![CDATA["Array verification"]]>
              </value>
            </param>
          </params>
          <reporter-output>
          </reporter-output>
        </test-method> <!-- runScenario -->
        <test-method signature="runScenario(io.cucumber.testng.PickleWrapper,io.cucumber.testng.FeatureWrapper)[pri:0, instance:runner.TestRunner@50f6ac94]" started-at="2023-08-21T19:19:59 EDT" name="runScenario" description="Runs Cucumber Scenarios" data-provider="scenarios" finished-at="2023-08-21T19:20:05 EDT" duration-ms="6079" status="PASS">
          <params>
            <param index="0">
              <value>
                <![CDATA["TryEditor in each links with valid code"]]>
              </value>
            </param>
            <param index="1">
              <value>
                <![CDATA["Array verification"]]>
              </value>
            </param>
          </params>
          <reporter-output>
          </reporter-output>
        </test-method> <!-- runScenario -->
        <test-method signature="runScenario(io.cucumber.testng.PickleWrapper,io.cucumber.testng.FeatureWrapper)[pri:0, instance:runner.TestRunner@50f6ac94]" started-at="2023-08-21T19:20:05 EDT" name="runScenario" description="Runs Cucumber Scenarios" data-provider="scenarios" finished-at="2023-08-21T19:20:11 EDT" duration-ms="6231" status="PASS">
          <params>
            <param index="0">
              <value>
                <![CDATA["TryEditor in each links with valid code"]]>
              </value>
            </param>
            <param index="1">
              <value>
                <![CDATA["Array verification"]]>
              </value>
            </param>
          </params>
          <reporter-output>
          </reporter-output>
        </test-method> <!-- runScenario -->
        <test-method signature="runScenario(io.cucumber.testng.PickleWrapper,io.cucumber.testng.FeatureWrapper)[pri:0, instance:runner.TestRunner@50f6ac94]" started-at="2023-08-21T19:20:11 EDT" name="runScenario" description="Runs Cucumber Scenarios" data-provider="scenarios" finished-at="2023-08-21T19:20:17 EDT" duration-ms="5986" status="PASS">
          <params>
            <param index="0">
              <value>
                <![CDATA["TryEditor in each links with valid code"]]>
              </value>
            </param>
            <param index="1">
              <value>
                <![CDATA["Array verification"]]>
              </value>
            </param>
          </params>
          <reporter-output>
          </reporter-output>
        </test-method> <!-- runScenario -->
        <test-method signature="runScenario(io.cucumber.testng.PickleWrapper,io.cucumber.testng.FeatureWrapper)[pri:0, instance:runner.TestRunner@50f6ac94]" started-at="2023-08-21T19:20:17 EDT" name="runScenario" description="Runs Cucumber Scenarios" data-provider="scenarios" finished-at="2023-08-21T19:20:23 EDT" duration-ms="6232" status="PASS">
          <params>
            <param index="0">
              <value>
                <![CDATA["TryEditor in each links with invalid code"]]>
              </value>
            </param>
            <param index="1">
              <value>
                <![CDATA["Array verification"]]>
              </value>
            </param>
          </params>
          <reporter-output>
          </reporter-output>
        </test-method> <!-- runScenario -->
        <test-method signature="runScenario(io.cucumber.testng.PickleWrapper,io.cucumber.testng.FeatureWrapper)[pri:0, instance:runner.TestRunner@50f6ac94]" started-at="2023-08-21T19:20:23 EDT" name="runScenario" description="Runs Cucumber Scenarios" data-provider="scenarios" finished-at="2023-08-21T19:20:29 EDT" duration-ms="5468" status="PASS">
          <params>
            <param index="0">
              <value>
                <![CDATA["TryEditor in each links with invalid code"]]>
              </value>
            </param>
            <param index="1">
              <value>
                <![CDATA["Array verification"]]>
              </value>
            </param>
          </params>
          <reporter-output>
          </reporter-output>
        </test-method> <!-- runScenario -->
        <test-method signature="runScenario(io.cucumber.testng.PickleWrapper,io.cucumber.testng.FeatureWrapper)[pri:0, instance:runner.TestRunner@50f6ac94]" started-at="2023-08-21T19:20:29 EDT" name="runScenario" description="Runs Cucumber Scenarios" data-provider="scenarios" finished-at="2023-08-21T19:20:35 EDT" duration-ms="6262" status="PASS">
          <params>
            <param index="0">
              <value>
                <![CDATA["TryEditor in each links with invalid code"]]>
              </value>
            </param>
            <param index="1">
              <value>
                <![CDATA["Array verification"]]>
              </value>
            </param>
          </params>
          <reporter-output>
          </reporter-output>
        </test-method> <!-- runScenario -->
        <test-method signature="runScenario(io.cucumber.testng.PickleWrapper,io.cucumber.testng.FeatureWrapper)[pri:0, instance:runner.TestRunner@50f6ac94]" started-at="2023-08-21T19:20:35 EDT" name="runScenario" description="Runs Cucumber Scenarios" data-provider="scenarios" finished-at="2023-08-21T19:20:41 EDT" duration-ms="6152" status="PASS">
          <params>
            <param index="0">
              <value>
                <![CDATA["TryEditor in each links with invalid code"]]>
              </value>
            </param>
            <param index="1">
              <value>
                <![CDATA["Array verification"]]>
              </value>
            </param>
          </params>
          <reporter-output>
          </reporter-output>
        </test-method> <!-- runScenario -->
        <test-method signature="runScenario(io.cucumber.testng.PickleWrapper,io.cucumber.testng.FeatureWrapper)[pri:0, instance:runner.TestRunner@50f6ac94]" started-at="2023-08-21T19:20:41 EDT" name="runScenario" description="Runs Cucumber Scenarios" data-provider="scenarios" finished-at="2023-08-21T19:20:48 EDT" duration-ms="6929" status="PASS">
          <params>
            <param index="0">
              <value>
                <![CDATA["practice link verification"]]>
              </value>
            </param>
            <param index="1">
              <value>
                <![CDATA["Array verification"]]>
              </value>
            </param>
          </params>
          <reporter-output>
          </reporter-output>
        </test-method> <!-- runScenario -->
        <test-method signature="runScenario(io.cucumber.testng.PickleWrapper,io.cucumber.testng.FeatureWrapper)[pri:0, instance:runner.TestRunner@50f6ac94]" started-at="2023-08-21T19:20:48 EDT" name="runScenario" description="Runs Cucumber Scenarios" data-provider="scenarios" finished-at="2023-08-21T19:20:55 EDT" duration-ms="6411" status="PASS">
          <params>
            <param index="0">
              <value>
                <![CDATA["practice link verification"]]>
              </value>
            </param>
            <param index="1">
              <value>
                <![CDATA["Array verification"]]>
              </value>
            </param>
          </params>
          <reporter-output>
          </reporter-output>
        </test-method> <!-- runScenario -->
        <test-method signature="runScenario(io.cucumber.testng.PickleWrapper,io.cucumber.testng.FeatureWrapper)[pri:0, instance:runner.TestRunner@50f6ac94]" started-at="2023-08-21T19:20:55 EDT" name="runScenario" description="Runs Cucumber Scenarios" data-provider="scenarios" finished-at="2023-08-21T19:21:00 EDT" duration-ms="5614" status="PASS">
          <params>
            <param index="0">
              <value>
                <![CDATA["practice link verification"]]>
              </value>
            </param>
            <param index="1">
              <value>
                <![CDATA["Array verification"]]>
              </value>
            </param>
          </params>
          <reporter-output>
          </reporter-output>
        </test-method> <!-- runScenario -->
        <test-method signature="runScenario(io.cucumber.testng.PickleWrapper,io.cucumber.testng.FeatureWrapper)[pri:0, instance:runner.TestRunner@50f6ac94]" started-at="2023-08-21T19:21:00 EDT" name="runScenario" description="Runs Cucumber Scenarios" data-provider="scenarios" finished-at="2023-08-21T19:21:06 EDT" duration-ms="5713" status="PASS">
          <params>
            <param index="0">
              <value>
                <![CDATA["practice link verification"]]>
              </value>
            </param>
            <param index="1">
              <value>
                <![CDATA["Array verification"]]>
              </value>
            </param>
          </params>
          <reporter-output>
          </reporter-output>
        </test-method> <!-- runScenario -->
        <test-method signature="runScenario(io.cucumber.testng.PickleWrapper,io.cucumber.testng.FeatureWrapper)[pri:0, instance:runner.TestRunner@50f6ac94]" started-at="2023-08-21T19:21:06 EDT" name="runScenario" description="Runs Cucumber Scenarios" data-provider="scenarios" finished-at="2023-08-21T19:21:13 EDT" duration-ms="6708" status="PASS">
          <params>
            <param index="0">
              <value>
                <![CDATA["practice link verification"]]>
              </value>
            </param>
            <param index="1">
              <value>
                <![CDATA["Array verification"]]>
              </value>
            </param>
          </params>
          <reporter-output>
          </reporter-output>
        </test-method> <!-- runScenario -->
        <test-method signature="runScenario(io.cucumber.testng.PickleWrapper,io.cucumber.testng.FeatureWrapper)[pri:0, instance:runner.TestRunner@50f6ac94]" started-at="2023-08-21T19:21:13 EDT" name="runScenario" description="Runs Cucumber Scenarios" data-provider="scenarios" finished-at="2023-08-21T19:21:19 EDT" duration-ms="6001" status="PASS">
          <params>
            <param index="0">
              <value>
                <![CDATA["practice link verification"]]>
              </value>
            </param>
            <param index="1">
              <value>
                <![CDATA["Array verification"]]>
              </value>
            </param>
          </params>
          <reporter-output>
          </reporter-output>
        </test-method> <!-- runScenario -->
        <test-method signature="runScenario(io.cucumber.testng.PickleWrapper,io.cucumber.testng.FeatureWrapper)[pri:0, instance:runner.TestRunner@50f6ac94]" started-at="2023-08-21T19:21:19 EDT" name="runScenario" description="Runs Cucumber Scenarios" data-provider="scenarios" finished-at="2023-08-21T19:21:25 EDT" duration-ms="6625" status="PASS">
          <params>
            <param index="0">
              <value>
                <![CDATA["practice link verification"]]>
              </value>
            </param>
            <param index="1">
              <value>
                <![CDATA["Array verification"]]>
              </value>
            </param>
          </params>
          <reporter-output>
          </reporter-output>
        </test-method> <!-- runScenario -->
        <test-method signature="runScenario(io.cucumber.testng.PickleWrapper,io.cucumber.testng.FeatureWrapper)[pri:0, instance:runner.TestRunner@50f6ac94]" started-at="2023-08-21T19:21:25 EDT" name="runScenario" description="Runs Cucumber Scenarios" data-provider="scenarios" finished-at="2023-08-21T19:21:32 EDT" duration-ms="6979" status="PASS">
          <params>
            <param index="0">
              <value>
                <![CDATA["practice link verification"]]>
              </value>
            </param>
            <param index="1">
              <value>
                <![CDATA["Array verification"]]>
              </value>
            </param>
          </params>
          <reporter-output>
          </reporter-output>
        </test-method> <!-- runScenario -->
        <test-method signature="runScenario(io.cucumber.testng.PickleWrapper,io.cucumber.testng.FeatureWrapper)[pri:0, instance:runner.TestRunner@50f6ac94]" started-at="2023-08-21T19:21:32 EDT" name="runScenario" description="Runs Cucumber Scenarios" data-provider="scenarios" finished-at="2023-08-21T19:21:38 EDT" duration-ms="5956" status="PASS">
          <params>
            <param index="0">
              <value>
                <![CDATA["practice link verification"]]>
              </value>
            </param>
            <param index="1">
              <value>
                <![CDATA["Array verification"]]>
              </value>
            </param>
          </params>
          <reporter-output>
          </reporter-output>
        </test-method> <!-- runScenario -->
        <test-method signature="runScenario(io.cucumber.testng.PickleWrapper,io.cucumber.testng.FeatureWrapper)[pri:0, instance:runner.TestRunner@50f6ac94]" started-at="2023-08-21T19:21:38 EDT" name="runScenario" description="Runs Cucumber Scenarios" data-provider="scenarios" finished-at="2023-08-21T19:21:41 EDT" duration-ms="3169" status="PASS">
          <params>
            <param index="0">
              <value>
                <![CDATA["User enters Data Structure Page"]]>
              </value>
            </param>
            <param index="1">
              <value>
                <![CDATA["Feature for DataStructures Validation"]]>
              </value>
            </param>
          </params>
          <reporter-output>
          </reporter-output>
        </test-method> <!-- runScenario -->
        <test-method signature="runScenario(io.cucumber.testng.PickleWrapper,io.cucumber.testng.FeatureWrapper)[pri:0, instance:runner.TestRunner@50f6ac94]" started-at="2023-08-21T19:21:41 EDT" name="runScenario" description="Runs Cucumber Scenarios" data-provider="scenarios" finished-at="2023-08-21T19:21:47 EDT" duration-ms="5310" status="PASS">
          <params>
            <param index="0">
              <value>
                <![CDATA["TryEditor verification in each page for valid code"]]>
              </value>
            </param>
            <param index="1">
              <value>
                <![CDATA["Feature for DataStructures Validation"]]>
              </value>
            </param>
          </params>
          <reporter-output>
          </reporter-output>
        </test-method> <!-- runScenario -->
        <test-method signature="runScenario(io.cucumber.testng.PickleWrapper,io.cucumber.testng.FeatureWrapper)[pri:0, instance:runner.TestRunner@50f6ac94]" started-at="2023-08-21T19:21:47 EDT" name="runScenario" description="Runs Cucumber Scenarios" data-provider="scenarios" finished-at="2023-08-21T19:21:52 EDT" duration-ms="5499" status="PASS">
          <params>
            <param index="0">
              <value>
                <![CDATA["TryEditor verification in each page for invalid code"]]>
              </value>
            </param>
            <param index="1">
              <value>
                <![CDATA["Feature for DataStructures Validation"]]>
              </value>
            </param>
          </params>
          <reporter-output>
          </reporter-output>
        </test-method> <!-- runScenario -->
        <test-method signature="runScenario(io.cucumber.testng.PickleWrapper,io.cucumber.testng.FeatureWrapper)[pri:0, instance:runner.TestRunner@50f6ac94]" started-at="2023-08-21T19:21:52 EDT" name="runScenario" description="Runs Cucumber Scenarios" data-provider="scenarios" finished-at="2023-08-21T19:21:59 EDT" duration-ms="6680" status="PASS">
          <params>
            <param index="0">
              <value>
                <![CDATA["TryEditor in each links for valid code"]]>
              </value>
            </param>
            <param index="1">
              <value>
                <![CDATA["Feature for DataStructures Validation"]]>
              </value>
            </param>
          </params>
          <reporter-output>
          </reporter-output>
        </test-method> <!-- runScenario -->
        <test-method signature="runScenario(io.cucumber.testng.PickleWrapper,io.cucumber.testng.FeatureWrapper)[pri:0, instance:runner.TestRunner@50f6ac94]" started-at="2023-08-21T19:21:59 EDT" name="runScenario" description="Runs Cucumber Scenarios" data-provider="scenarios" finished-at="2023-08-21T19:22:06 EDT" duration-ms="6678" status="PASS">
          <params>
            <param index="0">
              <value>
                <![CDATA["TryEditor in each links for invalid code"]]>
              </value>
            </param>
            <param index="1">
              <value>
                <![CDATA["Feature for DataStructures Validation"]]>
              </value>
            </param>
          </params>
          <reporter-output>
          </reporter-output>
        </test-method> <!-- runScenario -->
        <test-method signature="runScenario(io.cucumber.testng.PickleWrapper,io.cucumber.testng.FeatureWrapper)[pri:0, instance:runner.TestRunner@50f6ac94]" started-at="2023-08-21T19:22:06 EDT" name="runScenario" description="Runs Cucumber Scenarios" data-provider="scenarios" finished-at="2023-08-21T19:22:09 EDT" duration-ms="3724" status="PASS">
          <params>
            <param index="0">
              <value>
                <![CDATA["Practice questions validation"]]>
              </value>
            </param>
            <param index="1">
              <value>
                <![CDATA["Feature for DataStructures Validation"]]>
              </value>
            </param>
          </params>
          <reporter-output>
          </reporter-output>
        </test-method> <!-- runScenario -->
        <test-method signature="runScenario(io.cucumber.testng.PickleWrapper,io.cucumber.testng.FeatureWrapper)[pri:0, instance:runner.TestRunner@50f6ac94]" started-at="2023-08-21T19:22:09 EDT" name="runScenario" description="Runs Cucumber Scenarios" data-provider="scenarios" finished-at="2023-08-21T19:22:17 EDT" duration-ms="8018" status="PASS">
          <params>
            <param index="0">
              <value>
                <![CDATA["User enters Queue Page"]]>
              </value>
            </param>
            <param index="1">
              <value>
                <![CDATA["Feature for Queue Validation"]]>
              </value>
            </param>
          </params>
          <reporter-output>
          </reporter-output>
        </test-method> <!-- runScenario -->
        <test-method signature="runScenario(io.cucumber.testng.PickleWrapper,io.cucumber.testng.FeatureWrapper)[pri:0, instance:runner.TestRunner@50f6ac94]" started-at="2023-08-21T19:22:17 EDT" name="runScenario" description="Runs Cucumber Scenarios" data-provider="scenarios" finished-at="2023-08-21T19:22:26 EDT" duration-ms="8666" status="PASS">
          <params>
            <param index="0">
              <value>
                <![CDATA["User enters Queue Page"]]>
              </value>
            </param>
            <param index="1">
              <value>
                <![CDATA["Feature for Queue Validation"]]>
              </value>
            </param>
          </params>
          <reporter-output>
          </reporter-output>
        </test-method> <!-- runScenario -->
        <test-method signature="runScenario(io.cucumber.testng.PickleWrapper,io.cucumber.testng.FeatureWrapper)[pri:0, instance:runner.TestRunner@50f6ac94]" started-at="2023-08-21T19:22:26 EDT" name="runScenario" description="Runs Cucumber Scenarios" data-provider="scenarios" finished-at="2023-08-21T19:22:34 EDT" duration-ms="7810" status="PASS">
          <params>
            <param index="0">
              <value>
                <![CDATA["User enters Queue Page"]]>
              </value>
            </param>
            <param index="1">
              <value>
                <![CDATA["Feature for Queue Validation"]]>
              </value>
            </param>
          </params>
          <reporter-output>
          </reporter-output>
        </test-method> <!-- runScenario -->
        <test-method signature="runScenario(io.cucumber.testng.PickleWrapper,io.cucumber.testng.FeatureWrapper)[pri:0, instance:runner.TestRunner@50f6ac94]" started-at="2023-08-21T19:22:34 EDT" name="runScenario" description="Runs Cucumber Scenarios" data-provider="scenarios" finished-at="2023-08-21T19:22:43 EDT" duration-ms="8906" status="PASS">
          <params>
            <param index="0">
              <value>
                <![CDATA["User enters Queue Page"]]>
              </value>
            </param>
            <param index="1">
              <value>
                <![CDATA["Feature for Queue Validation"]]>
              </value>
            </param>
          </params>
          <reporter-output>
          </reporter-output>
        </test-method> <!-- runScenario -->
        <test-method signature="runScenario(io.cucumber.testng.PickleWrapper,io.cucumber.testng.FeatureWrapper)[pri:0, instance:runner.TestRunner@50f6ac94]" started-at="2023-08-21T19:22:43 EDT" name="runScenario" description="Runs Cucumber Scenarios" data-provider="scenarios" finished-at="2023-08-21T19:22:52 EDT" duration-ms="8808" status="PASS">
          <params>
            <param index="0">
              <value>
                <![CDATA["TryEditor verification in each page for invalid code"]]>
              </value>
            </param>
            <param index="1">
              <value>
                <![CDATA["Feature for Queue Validation"]]>
              </value>
            </param>
          </params>
          <reporter-output>
          </reporter-output>
        </test-method> <!-- runScenario -->
        <test-method signature="runScenario(io.cucumber.testng.PickleWrapper,io.cucumber.testng.FeatureWrapper)[pri:0, instance:runner.TestRunner@50f6ac94]" started-at="2023-08-21T19:22:52 EDT" name="runScenario" description="Runs Cucumber Scenarios" data-provider="scenarios" finished-at="2023-08-21T19:23:00 EDT" duration-ms="8932" status="PASS">
          <params>
            <param index="0">
              <value>
                <![CDATA["TryEditor verification in each page for invalid code"]]>
              </value>
            </param>
            <param index="1">
              <value>
                <![CDATA["Feature for Queue Validation"]]>
              </value>
            </param>
          </params>
          <reporter-output>
          </reporter-output>
        </test-method> <!-- runScenario -->
        <test-method signature="runScenario(io.cucumber.testng.PickleWrapper,io.cucumber.testng.FeatureWrapper)[pri:0, instance:runner.TestRunner@50f6ac94]" started-at="2023-08-21T19:23:00 EDT" name="runScenario" description="Runs Cucumber Scenarios" data-provider="scenarios" finished-at="2023-08-21T19:23:09 EDT" duration-ms="8976" status="PASS">
          <params>
            <param index="0">
              <value>
                <![CDATA["TryEditor verification in each page for invalid code"]]>
              </value>
            </param>
            <param index="1">
              <value>
                <![CDATA["Feature for Queue Validation"]]>
              </value>
            </param>
          </params>
          <reporter-output>
          </reporter-output>
        </test-method> <!-- runScenario -->
        <test-method signature="runScenario(io.cucumber.testng.PickleWrapper,io.cucumber.testng.FeatureWrapper)[pri:0, instance:runner.TestRunner@50f6ac94]" started-at="2023-08-21T19:23:09 EDT" name="runScenario" description="Runs Cucumber Scenarios" data-provider="scenarios" finished-at="2023-08-21T19:23:19 EDT" duration-ms="9081" status="PASS">
          <params>
            <param index="0">
              <value>
                <![CDATA["TryEditor verification in each page for invalid code"]]>
              </value>
            </param>
            <param index="1">
              <value>
                <![CDATA["Feature for Queue Validation"]]>
              </value>
            </param>
          </params>
          <reporter-output>
          </reporter-output>
        </test-method> <!-- runScenario -->
        <test-method signature="runScenario(io.cucumber.testng.PickleWrapper,io.cucumber.testng.FeatureWrapper)[pri:0, instance:runner.TestRunner@50f6ac94]" started-at="2023-08-21T19:23:19 EDT" name="runScenario" description="Runs Cucumber Scenarios" data-provider="scenarios" finished-at="2023-08-21T19:23:22 EDT" duration-ms="3310" status="PASS">
          <params>
            <param index="0">
              <value>
                <![CDATA["User enters Stack Page"]]>
              </value>
            </param>
            <param index="1">
              <value>
                <![CDATA["Feature for Stack Validation"]]>
              </value>
            </param>
          </params>
          <reporter-output>
          </reporter-output>
        </test-method> <!-- runScenario -->
        <test-method signature="runScenario(io.cucumber.testng.PickleWrapper,io.cucumber.testng.FeatureWrapper)[pri:0, instance:runner.TestRunner@50f6ac94]" started-at="2023-08-21T19:23:22 EDT" name="runScenario" description="Runs Cucumber Scenarios" data-provider="scenarios" finished-at="2023-08-21T19:23:28 EDT" duration-ms="5932" status="PASS">
          <params>
            <param index="0">
              <value>
                <![CDATA["TryEditor verification in each page for valid code"]]>
              </value>
            </param>
            <param index="1">
              <value>
                <![CDATA["Feature for Stack Validation"]]>
              </value>
            </param>
          </params>
          <reporter-output>
          </reporter-output>
        </test-method> <!-- runScenario -->
        <test-method signature="runScenario(io.cucumber.testng.PickleWrapper,io.cucumber.testng.FeatureWrapper)[pri:0, instance:runner.TestRunner@50f6ac94]" started-at="2023-08-21T19:23:28 EDT" name="runScenario" description="Runs Cucumber Scenarios" data-provider="scenarios" finished-at="2023-08-21T19:23:34 EDT" duration-ms="6100" status="PASS">
          <params>
            <param index="0">
              <value>
                <![CDATA["TryEditor verification in each page for valid code"]]>
              </value>
            </param>
            <param index="1">
              <value>
                <![CDATA["Feature for Stack Validation"]]>
              </value>
            </param>
          </params>
          <reporter-output>
          </reporter-output>
        </test-method> <!-- runScenario -->
        <test-method signature="runScenario(io.cucumber.testng.PickleWrapper,io.cucumber.testng.FeatureWrapper)[pri:0, instance:runner.TestRunner@50f6ac94]" started-at="2023-08-21T19:23:34 EDT" name="runScenario" description="Runs Cucumber Scenarios" data-provider="scenarios" finished-at="2023-08-21T19:23:40 EDT" duration-ms="5591" status="PASS">
          <params>
            <param index="0">
              <value>
                <![CDATA["TryEditor verification in each page for valid code"]]>
              </value>
            </param>
            <param index="1">
              <value>
                <![CDATA["Feature for Stack Validation"]]>
              </value>
            </param>
          </params>
          <reporter-output>
          </reporter-output>
        </test-method> <!-- runScenario -->
        <test-method signature="runScenario(io.cucumber.testng.PickleWrapper,io.cucumber.testng.FeatureWrapper)[pri:0, instance:runner.TestRunner@50f6ac94]" started-at="2023-08-21T19:23:40 EDT" name="runScenario" description="Runs Cucumber Scenarios" data-provider="scenarios" finished-at="2023-08-21T19:23:46 EDT" duration-ms="6105" status="PASS">
          <params>
            <param index="0">
              <value>
                <![CDATA["TryEditor verification in each page for invalid code"]]>
              </value>
            </param>
            <param index="1">
              <value>
                <![CDATA["Feature for Stack Validation"]]>
              </value>
            </param>
          </params>
          <reporter-output>
          </reporter-output>
        </test-method> <!-- runScenario -->
        <test-method signature="runScenario(io.cucumber.testng.PickleWrapper,io.cucumber.testng.FeatureWrapper)[pri:0, instance:runner.TestRunner@50f6ac94]" started-at="2023-08-21T19:23:46 EDT" name="runScenario" description="Runs Cucumber Scenarios" data-provider="scenarios" finished-at="2023-08-21T19:23:52 EDT" duration-ms="5985" status="PASS">
          <params>
            <param index="0">
              <value>
                <![CDATA["TryEditor verification in each page for invalid code"]]>
              </value>
            </param>
            <param index="1">
              <value>
                <![CDATA["Feature for Stack Validation"]]>
              </value>
            </param>
          </params>
          <reporter-output>
          </reporter-output>
        </test-method> <!-- runScenario -->
        <test-method signature="runScenario(io.cucumber.testng.PickleWrapper,io.cucumber.testng.FeatureWrapper)[pri:0, instance:runner.TestRunner@50f6ac94]" started-at="2023-08-21T19:23:52 EDT" name="runScenario" description="Runs Cucumber Scenarios" data-provider="scenarios" finished-at="2023-08-21T19:23:58 EDT" duration-ms="5936" status="PASS">
          <params>
            <param index="0">
              <value>
                <![CDATA["TryEditor verification in each page for invalid code"]]>
              </value>
            </param>
            <param index="1">
              <value>
                <![CDATA["Feature for Stack Validation"]]>
              </value>
            </param>
          </params>
          <reporter-output>
          </reporter-output>
        </test-method> <!-- runScenario -->
        <test-method signature="runScenario(io.cucumber.testng.PickleWrapper,io.cucumber.testng.FeatureWrapper)[pri:0, instance:runner.TestRunner@50f6ac94]" started-at="2023-08-21T19:23:58 EDT" name="runScenario" description="Runs Cucumber Scenarios" data-provider="scenarios" finished-at="2023-08-21T19:24:04 EDT" duration-ms="6377" status="PASS">
          <params>
            <param index="0">
              <value>
                <![CDATA["TryEditor in each links for valid code"]]>
              </value>
            </param>
            <param index="1">
              <value>
                <![CDATA["Feature for Stack Validation"]]>
              </value>
            </param>
          </params>
          <reporter-output>
          </reporter-output>
        </test-method> <!-- runScenario -->
        <test-method signature="runScenario(io.cucumber.testng.PickleWrapper,io.cucumber.testng.FeatureWrapper)[pri:0, instance:runner.TestRunner@50f6ac94]" started-at="2023-08-21T19:24:04 EDT" name="runScenario" description="Runs Cucumber Scenarios" data-provider="scenarios" finished-at="2023-08-21T19:24:11 EDT" duration-ms="6606" status="PASS">
          <params>
            <param index="0">
              <value>
                <![CDATA["TryEditor in each links for valid code"]]>
              </value>
            </param>
            <param index="1">
              <value>
                <![CDATA["Feature for Stack Validation"]]>
              </value>
            </param>
          </params>
          <reporter-output>
          </reporter-output>
        </test-method> <!-- runScenario -->
        <test-method signature="runScenario(io.cucumber.testng.PickleWrapper,io.cucumber.testng.FeatureWrapper)[pri:0, instance:runner.TestRunner@50f6ac94]" started-at="2023-08-21T19:24:11 EDT" name="runScenario" description="Runs Cucumber Scenarios" data-provider="scenarios" finished-at="2023-08-21T19:24:17 EDT" duration-ms="6127" status="PASS">
          <params>
            <param index="0">
              <value>
                <![CDATA["TryEditor in each links for valid code"]]>
              </value>
            </param>
            <param index="1">
              <value>
                <![CDATA["Feature for Stack Validation"]]>
              </value>
            </param>
          </params>
          <reporter-output>
          </reporter-output>
        </test-method> <!-- runScenario -->
        <test-method signature="runScenario(io.cucumber.testng.PickleWrapper,io.cucumber.testng.FeatureWrapper)[pri:0, instance:runner.TestRunner@50f6ac94]" started-at="2023-08-21T19:24:17 EDT" name="runScenario" description="Runs Cucumber Scenarios" data-provider="scenarios" finished-at="2023-08-21T19:24:23 EDT" duration-ms="6207" status="PASS">
          <params>
            <param index="0">
              <value>
                <![CDATA["TryEditor in each links for invalid code"]]>
              </value>
            </param>
            <param index="1">
              <value>
                <![CDATA["Feature for Stack Validation"]]>
              </value>
            </param>
          </params>
          <reporter-output>
          </reporter-output>
        </test-method> <!-- runScenario -->
        <test-method signature="runScenario(io.cucumber.testng.PickleWrapper,io.cucumber.testng.FeatureWrapper)[pri:0, instance:runner.TestRunner@50f6ac94]" started-at="2023-08-21T19:24:23 EDT" name="runScenario" description="Runs Cucumber Scenarios" data-provider="scenarios" finished-at="2023-08-21T19:24:29 EDT" duration-ms="6431" status="PASS">
          <params>
            <param index="0">
              <value>
                <![CDATA["TryEditor in each links for invalid code"]]>
              </value>
            </param>
            <param index="1">
              <value>
                <![CDATA["Feature for Stack Validation"]]>
              </value>
            </param>
          </params>
          <reporter-output>
          </reporter-output>
        </test-method> <!-- runScenario -->
        <test-method signature="runScenario(io.cucumber.testng.PickleWrapper,io.cucumber.testng.FeatureWrapper)[pri:0, instance:runner.TestRunner@50f6ac94]" started-at="2023-08-21T19:24:29 EDT" name="runScenario" description="Runs Cucumber Scenarios" data-provider="scenarios" finished-at="2023-08-21T19:24:35 EDT" duration-ms="5761" status="PASS">
          <params>
            <param index="0">
              <value>
                <![CDATA["TryEditor in each links for invalid code"]]>
              </value>
            </param>
            <param index="1">
              <value>
                <![CDATA["Feature for Stack Validation"]]>
              </value>
            </param>
          </params>
          <reporter-output>
          </reporter-output>
        </test-method> <!-- runScenario -->
        <test-method signature="runScenario(io.cucumber.testng.PickleWrapper,io.cucumber.testng.FeatureWrapper)[pri:0, instance:runner.TestRunner@50f6ac94]" started-at="2023-08-21T19:24:35 EDT" name="runScenario" description="Runs Cucumber Scenarios" data-provider="scenarios" finished-at="2023-08-21T19:24:39 EDT" duration-ms="3978" status="PASS">
          <params>
            <param index="0">
              <value>
                <![CDATA["Practice questions validation"]]>
              </value>
            </param>
            <param index="1">
              <value>
                <![CDATA["Feature for Stack Validation"]]>
              </value>
            </param>
          </params>
          <reporter-output>
          </reporter-output>
        </test-method> <!-- runScenario -->
        <test-method signature="runScenario(io.cucumber.testng.PickleWrapper,io.cucumber.testng.FeatureWrapper)[pri:0, instance:runner.TestRunner@50f6ac94]" started-at="2023-08-21T19:24:39 EDT" name="runScenario" description="Runs Cucumber Scenarios" data-provider="scenarios" finished-at="2023-08-21T19:24:43 EDT" duration-ms="3779" status="PASS">
          <params>
            <param index="0">
              <value>
                <![CDATA["Practice questions validation"]]>
              </value>
            </param>
            <param index="1">
              <value>
                <![CDATA["Feature for Stack Validation"]]>
              </value>
            </param>
          </params>
          <reporter-output>
          </reporter-output>
        </test-method> <!-- runScenario -->
        <test-method signature="runScenario(io.cucumber.testng.PickleWrapper,io.cucumber.testng.FeatureWrapper)[pri:0, instance:runner.TestRunner@50f6ac94]" started-at="2023-08-21T19:24:43 EDT" name="runScenario" description="Runs Cucumber Scenarios" data-provider="scenarios" finished-at="2023-08-21T19:24:47 EDT" duration-ms="4012" status="PASS">
          <params>
            <param index="0">
              <value>
                <![CDATA["Practice questions validation"]]>
              </value>
            </param>
            <param index="1">
              <value>
                <![CDATA["Feature for Stack Validation"]]>
              </value>
            </param>
          </params>
          <reporter-output>
          </reporter-output>
        </test-method> <!-- runScenario -->
        <test-method signature="runScenario(io.cucumber.testng.PickleWrapper,io.cucumber.testng.FeatureWrapper)[pri:0, instance:runner.TestRunner@50f6ac94]" started-at="2023-08-21T19:24:47 EDT" name="runScenario" description="Runs Cucumber Scenarios" data-provider="scenarios" finished-at="2023-08-21T19:24:50 EDT" duration-ms="3070" status="PASS">
          <params>
            <param index="0">
              <value>
                <![CDATA["user is able to navigate to graph datastructure"]]>
              </value>
            </param>
            <param index="1">
              <value>
                <![CDATA["Graph feature validation"]]>
              </value>
            </param>
          </params>
          <reporter-output>
          </reporter-output>
        </test-method> <!-- runScenario -->
        <test-method signature="runScenario(io.cucumber.testng.PickleWrapper,io.cucumber.testng.FeatureWrapper)[pri:0, instance:runner.TestRunner@50f6ac94]" started-at="2023-08-21T19:24:50 EDT" name="runScenario" description="Runs Cucumber Scenarios" data-provider="scenarios" finished-at="2023-08-21T19:24:56 EDT" duration-ms="5865" status="PASS">
          <params>
            <param index="0">
              <value>
                <![CDATA["Try editor in graph with valid code"]]>
              </value>
            </param>
            <param index="1">
              <value>
                <![CDATA["Graph feature validation"]]>
              </value>
            </param>
          </params>
          <reporter-output>
          </reporter-output>
        </test-method> <!-- runScenario -->
        <test-method signature="runScenario(io.cucumber.testng.PickleWrapper,io.cucumber.testng.FeatureWrapper)[pri:0, instance:runner.TestRunner@50f6ac94]" started-at="2023-08-21T19:24:56 EDT" name="runScenario" description="Runs Cucumber Scenarios" data-provider="scenarios" finished-at="2023-08-21T19:25:01 EDT" duration-ms="5505" status="PASS">
          <params>
            <param index="0">
              <value>
                <![CDATA["Try editor in graph with valid code"]]>
              </value>
            </param>
            <param index="1">
              <value>
                <![CDATA["Graph feature validation"]]>
              </value>
            </param>
          </params>
          <reporter-output>
          </reporter-output>
        </test-method> <!-- runScenario -->
        <test-method signature="runScenario(io.cucumber.testng.PickleWrapper,io.cucumber.testng.FeatureWrapper)[pri:0, instance:runner.TestRunner@50f6ac94]" started-at="2023-08-21T19:25:01 EDT" name="runScenario" description="Runs Cucumber Scenarios" data-provider="scenarios" finished-at="2023-08-21T19:25:07 EDT" duration-ms="5841" status="PASS">
          <params>
            <param index="0">
              <value>
                <![CDATA["Try editor in graph with invalid code"]]>
              </value>
            </param>
            <param index="1">
              <value>
                <![CDATA["Graph feature validation"]]>
              </value>
            </param>
          </params>
          <reporter-output>
          </reporter-output>
        </test-method> <!-- runScenario -->
        <test-method signature="runScenario(io.cucumber.testng.PickleWrapper,io.cucumber.testng.FeatureWrapper)[pri:0, instance:runner.TestRunner@50f6ac94]" started-at="2023-08-21T19:25:07 EDT" name="runScenario" description="Runs Cucumber Scenarios" data-provider="scenarios" finished-at="2023-08-21T19:25:13 EDT" duration-ms="5564" status="PASS">
          <params>
            <param index="0">
              <value>
                <![CDATA["Try editor in graph with invalid code"]]>
              </value>
            </param>
            <param index="1">
              <value>
                <![CDATA["Graph feature validation"]]>
              </value>
            </param>
          </params>
          <reporter-output>
          </reporter-output>
        </test-method> <!-- runScenario -->
        <test-method signature="runScenario(io.cucumber.testng.PickleWrapper,io.cucumber.testng.FeatureWrapper)[pri:0, instance:runner.TestRunner@50f6ac94]" started-at="2023-08-21T19:25:13 EDT" name="runScenario" description="Runs Cucumber Scenarios" data-provider="scenarios" finished-at="2023-08-21T19:25:19 EDT" duration-ms="5979" status="PASS">
          <params>
            <param index="0">
              <value>
                <![CDATA["TryEditor in each links with valid code"]]>
              </value>
            </param>
            <param index="1">
              <value>
                <![CDATA["Graph feature validation"]]>
              </value>
            </param>
          </params>
          <reporter-output>
          </reporter-output>
        </test-method> <!-- runScenario -->
        <test-method signature="runScenario(io.cucumber.testng.PickleWrapper,io.cucumber.testng.FeatureWrapper)[pri:0, instance:runner.TestRunner@50f6ac94]" started-at="2023-08-21T19:25:19 EDT" name="runScenario" description="Runs Cucumber Scenarios" data-provider="scenarios" finished-at="2023-08-21T19:25:25 EDT" duration-ms="6046" status="PASS">
          <params>
            <param index="0">
              <value>
                <![CDATA["TryEditor in each links with valid code"]]>
              </value>
            </param>
            <param index="1">
              <value>
                <![CDATA["Graph feature validation"]]>
              </value>
            </param>
          </params>
          <reporter-output>
          </reporter-output>
        </test-method> <!-- runScenario -->
        <test-method signature="runScenario(io.cucumber.testng.PickleWrapper,io.cucumber.testng.FeatureWrapper)[pri:0, instance:runner.TestRunner@50f6ac94]" started-at="2023-08-21T19:25:25 EDT" name="runScenario" description="Runs Cucumber Scenarios" data-provider="scenarios" finished-at="2023-08-21T19:25:31 EDT" duration-ms="5976" status="PASS">
          <params>
            <param index="0">
              <value>
                <![CDATA["TryEditor in each links with invalid code"]]>
              </value>
            </param>
            <param index="1">
              <value>
                <![CDATA["Graph feature validation"]]>
              </value>
            </param>
          </params>
          <reporter-output>
          </reporter-output>
        </test-method> <!-- runScenario -->
        <test-method signature="runScenario(io.cucumber.testng.PickleWrapper,io.cucumber.testng.FeatureWrapper)[pri:0, instance:runner.TestRunner@50f6ac94]" started-at="2023-08-21T19:25:31 EDT" name="runScenario" description="Runs Cucumber Scenarios" data-provider="scenarios" finished-at="2023-08-21T19:25:38 EDT" duration-ms="6861" status="PASS">
          <params>
            <param index="0">
              <value>
                <![CDATA["TryEditor in each links with invalid code"]]>
              </value>
            </param>
            <param index="1">
              <value>
                <![CDATA["Graph feature validation"]]>
              </value>
            </param>
          </params>
          <reporter-output>
          </reporter-output>
        </test-method> <!-- runScenario -->
        <test-method signature="runScenario(io.cucumber.testng.PickleWrapper,io.cucumber.testng.FeatureWrapper)[pri:0, instance:runner.TestRunner@50f6ac94]" started-at="2023-08-21T19:25:38 EDT" name="runScenario" description="Runs Cucumber Scenarios" data-provider="scenarios" finished-at="2023-08-21T19:25:41 EDT" duration-ms="3841" status="PASS">
          <params>
            <param index="0">
              <value>
                <![CDATA["practice question validation"]]>
              </value>
            </param>
            <param index="1">
              <value>
                <![CDATA["Graph feature validation"]]>
              </value>
            </param>
          </params>
          <reporter-output>
          </reporter-output>
        </test-method> <!-- runScenario -->
        <test-method signature="runScenario(io.cucumber.testng.PickleWrapper,io.cucumber.testng.FeatureWrapper)[pri:0, instance:runner.TestRunner@50f6ac94]" started-at="2023-08-21T19:25:41 EDT" name="runScenario" description="Runs Cucumber Scenarios" data-provider="scenarios" finished-at="2023-08-21T19:25:46 EDT" duration-ms="4119" status="PASS">
          <params>
            <param index="0">
              <value>
                <![CDATA["practice question validation"]]>
              </value>
            </param>
            <param index="1">
              <value>
                <![CDATA["Graph feature validation"]]>
              </value>
            </param>
          </params>
          <reporter-output>
          </reporter-output>
        </test-method> <!-- runScenario -->
        <test-method signature="runScenario(io.cucumber.testng.PickleWrapper,io.cucumber.testng.FeatureWrapper)[pri:0, instance:runner.TestRunner@50f6ac94]" started-at="2023-08-21T19:25:46 EDT" name="runScenario" description="Runs Cucumber Scenarios" data-provider="scenarios" finished-at="2023-08-21T19:25:48 EDT" duration-ms="2189" status="PASS">
          <params>
            <param index="0">
              <value>
                <![CDATA["Home Page URL"]]>
              </value>
            </param>
            <param index="1">
              <value>
                <![CDATA["Home Page feature validation"]]>
              </value>
            </param>
          </params>
          <reporter-output>
          </reporter-output>
        </test-method> <!-- runScenario -->
        <test-method signature="runScenario(io.cucumber.testng.PickleWrapper,io.cucumber.testng.FeatureWrapper)[pri:0, instance:runner.TestRunner@50f6ac94]" started-at="2023-08-21T19:25:48 EDT" name="runScenario" description="Runs Cucumber Scenarios" data-provider="scenarios" finished-at="2023-08-21T19:25:50 EDT" duration-ms="2324" status="PASS">
          <params>
            <param index="0">
              <value>
                <![CDATA["Content in Home Page"]]>
              </value>
            </param>
            <param index="1">
              <value>
                <![CDATA["Home Page feature validation"]]>
              </value>
            </param>
          </params>
          <reporter-output>
          </reporter-output>
        </test-method> <!-- runScenario -->
        <test-method signature="runScenario(io.cucumber.testng.PickleWrapper,io.cucumber.testng.FeatureWrapper)[pri:0, instance:runner.TestRunner@50f6ac94]" started-at="2023-08-21T19:25:50 EDT" name="runScenario" description="Runs Cucumber Scenarios" data-provider="scenarios" finished-at="2023-08-21T19:25:52 EDT" duration-ms="2257" status="PASS">
          <params>
            <param index="0">
              <value>
                <![CDATA["Content in Home Page dropdown"]]>
              </value>
            </param>
            <param index="1">
              <value>
                <![CDATA["Home Page feature validation"]]>
              </value>
            </param>
          </params>
          <reporter-output>
          </reporter-output>
        </test-method> <!-- runScenario -->
        <test-method signature="runScenario(io.cucumber.testng.PickleWrapper,io.cucumber.testng.FeatureWrapper)[pri:0, instance:runner.TestRunner@50f6ac94]" started-at="2023-08-21T19:25:52 EDT" name="runScenario" description="Runs Cucumber Scenarios" data-provider="scenarios" finished-at="2023-08-21T19:25:55 EDT" duration-ms="2693" status="PASS">
          <params>
            <param index="0">
              <value>
                <![CDATA["Drop down selection without login"]]>
              </value>
            </param>
            <param index="1">
              <value>
                <![CDATA["Home Page feature validation"]]>
              </value>
            </param>
          </params>
          <reporter-output>
          </reporter-output>
        </test-method> <!-- runScenario -->
        <test-method signature="runScenario(io.cucumber.testng.PickleWrapper,io.cucumber.testng.FeatureWrapper)[pri:0, instance:runner.TestRunner@50f6ac94]" started-at="2023-08-21T19:25:55 EDT" name="runScenario" description="Runs Cucumber Scenarios" data-provider="scenarios" finished-at="2023-08-21T19:25:58 EDT" duration-ms="3028" status="PASS">
          <params>
            <param index="0">
              <value>
                <![CDATA["Drop down selection without login"]]>
              </value>
            </param>
            <param index="1">
              <value>
                <![CDATA["Home Page feature validation"]]>
              </value>
            </param>
          </params>
          <reporter-output>
          </reporter-output>
        </test-method> <!-- runScenario -->
        <test-method signature="runScenario(io.cucumber.testng.PickleWrapper,io.cucumber.testng.FeatureWrapper)[pri:0, instance:runner.TestRunner@50f6ac94]" started-at="2023-08-21T19:25:58 EDT" name="runScenario" description="Runs Cucumber Scenarios" data-provider="scenarios" finished-at="2023-08-21T19:26:01 EDT" duration-ms="2575" status="PASS">
          <params>
            <param index="0">
              <value>
                <![CDATA["Drop down selection without login"]]>
              </value>
            </param>
            <param index="1">
              <value>
                <![CDATA["Home Page feature validation"]]>
              </value>
            </param>
          </params>
          <reporter-output>
          </reporter-output>
        </test-method> <!-- runScenario -->
        <test-method signature="runScenario(io.cucumber.testng.PickleWrapper,io.cucumber.testng.FeatureWrapper)[pri:0, instance:runner.TestRunner@50f6ac94]" started-at="2023-08-21T19:26:01 EDT" name="runScenario" description="Runs Cucumber Scenarios" data-provider="scenarios" finished-at="2023-08-21T19:26:03 EDT" duration-ms="2599" status="PASS">
          <params>
            <param index="0">
              <value>
                <![CDATA["Drop down selection without login"]]>
              </value>
            </param>
            <param index="1">
              <value>
                <![CDATA["Home Page feature validation"]]>
              </value>
            </param>
          </params>
          <reporter-output>
          </reporter-output>
        </test-method> <!-- runScenario -->
        <test-method signature="runScenario(io.cucumber.testng.PickleWrapper,io.cucumber.testng.FeatureWrapper)[pri:0, instance:runner.TestRunner@50f6ac94]" started-at="2023-08-21T19:26:03 EDT" name="runScenario" description="Runs Cucumber Scenarios" data-provider="scenarios" finished-at="2023-08-21T19:26:06 EDT" duration-ms="2880" status="PASS">
          <params>
            <param index="0">
              <value>
                <![CDATA["Drop down selection without login"]]>
              </value>
            </param>
            <param index="1">
              <value>
                <![CDATA["Home Page feature validation"]]>
              </value>
            </param>
          </params>
          <reporter-output>
          </reporter-output>
        </test-method> <!-- runScenario -->
        <test-method signature="runScenario(io.cucumber.testng.PickleWrapper,io.cucumber.testng.FeatureWrapper)[pri:0, instance:runner.TestRunner@50f6ac94]" started-at="2023-08-21T19:26:06 EDT" name="runScenario" description="Runs Cucumber Scenarios" data-provider="scenarios" finished-at="2023-08-21T19:26:09 EDT" duration-ms="2541" status="PASS">
          <params>
            <param index="0">
              <value>
                <![CDATA["Drop down selection without login"]]>
              </value>
            </param>
            <param index="1">
              <value>
                <![CDATA["Home Page feature validation"]]>
              </value>
            </param>
          </params>
          <reporter-output>
          </reporter-output>
        </test-method> <!-- runScenario -->
        <test-method signature="runScenario(io.cucumber.testng.PickleWrapper,io.cucumber.testng.FeatureWrapper)[pri:0, instance:runner.TestRunner@50f6ac94]" started-at="2023-08-21T19:26:09 EDT" name="runScenario" description="Runs Cucumber Scenarios" data-provider="scenarios" finished-at="2023-08-21T19:26:11 EDT" duration-ms="2232" status="PASS">
          <params>
            <param index="0">
              <value>
                <![CDATA["Get started button clicked without login"]]>
              </value>
            </param>
            <param index="1">
              <value>
                <![CDATA["Home Page feature validation"]]>
              </value>
            </param>
          </params>
          <reporter-output>
          </reporter-output>
        </test-method> <!-- runScenario -->
        <test-method signature="runScenario(io.cucumber.testng.PickleWrapper,io.cucumber.testng.FeatureWrapper)[pri:0, instance:runner.TestRunner@50f6ac94]" started-at="2023-08-21T19:26:11 EDT" name="runScenario" description="Runs Cucumber Scenarios" data-provider="scenarios" finished-at="2023-08-21T19:26:13 EDT" duration-ms="2329" status="PASS">
          <params>
            <param index="0">
              <value>
                <![CDATA["Get started button clicked without login"]]>
              </value>
            </param>
            <param index="1">
              <value>
                <![CDATA["Home Page feature validation"]]>
              </value>
            </param>
          </params>
          <reporter-output>
          </reporter-output>
        </test-method> <!-- runScenario -->
        <test-method signature="runScenario(io.cucumber.testng.PickleWrapper,io.cucumber.testng.FeatureWrapper)[pri:0, instance:runner.TestRunner@50f6ac94]" started-at="2023-08-21T19:26:13 EDT" name="runScenario" description="Runs Cucumber Scenarios" data-provider="scenarios" finished-at="2023-08-21T19:26:16 EDT" duration-ms="2403" status="PASS">
          <params>
            <param index="0">
              <value>
                <![CDATA["Get started button clicked without login"]]>
              </value>
            </param>
            <param index="1">
              <value>
                <![CDATA["Home Page feature validation"]]>
              </value>
            </param>
          </params>
          <reporter-output>
          </reporter-output>
        </test-method> <!-- runScenario -->
        <test-method signature="runScenario(io.cucumber.testng.PickleWrapper,io.cucumber.testng.FeatureWrapper)[pri:0, instance:runner.TestRunner@50f6ac94]" started-at="2023-08-21T19:26:16 EDT" name="runScenario" description="Runs Cucumber Scenarios" data-provider="scenarios" finished-at="2023-08-21T19:26:18 EDT" duration-ms="2412" status="PASS">
          <params>
            <param index="0">
              <value>
                <![CDATA["Get started button clicked without login"]]>
              </value>
            </param>
            <param index="1">
              <value>
                <![CDATA["Home Page feature validation"]]>
              </value>
            </param>
          </params>
          <reporter-output>
          </reporter-output>
        </test-method> <!-- runScenario -->
        <test-method signature="runScenario(io.cucumber.testng.PickleWrapper,io.cucumber.testng.FeatureWrapper)[pri:0, instance:runner.TestRunner@50f6ac94]" started-at="2023-08-21T19:26:18 EDT" name="runScenario" description="Runs Cucumber Scenarios" data-provider="scenarios" finished-at="2023-08-21T19:26:20 EDT" duration-ms="2284" status="PASS">
          <params>
            <param index="0">
              <value>
                <![CDATA["Get started button clicked without login"]]>
              </value>
            </param>
            <param index="1">
              <value>
                <![CDATA["Home Page feature validation"]]>
              </value>
            </param>
          </params>
          <reporter-output>
          </reporter-output>
        </test-method> <!-- runScenario -->
        <test-method signature="runScenario(io.cucumber.testng.PickleWrapper,io.cucumber.testng.FeatureWrapper)[pri:0, instance:runner.TestRunner@50f6ac94]" started-at="2023-08-21T19:26:20 EDT" name="runScenario" description="Runs Cucumber Scenarios" data-provider="scenarios" finished-at="2023-08-21T19:26:23 EDT" duration-ms="2362" status="PASS">
          <params>
            <param index="0">
              <value>
                <![CDATA["Get started button clicked without login"]]>
              </value>
            </param>
            <param index="1">
              <value>
                <![CDATA["Home Page feature validation"]]>
              </value>
            </param>
          </params>
          <reporter-output>
          </reporter-output>
        </test-method> <!-- runScenario -->
        <test-method signature="runScenario(io.cucumber.testng.PickleWrapper,io.cucumber.testng.FeatureWrapper)[pri:0, instance:runner.TestRunner@50f6ac94]" started-at="2023-08-21T19:26:23 EDT" name="runScenario" description="Runs Cucumber Scenarios" data-provider="scenarios" finished-at="2023-08-21T19:26:25 EDT" duration-ms="2368" status="PASS">
          <params>
            <param index="0">
              <value>
                <![CDATA["Get started button clicked without login"]]>
              </value>
            </param>
            <param index="1">
              <value>
                <![CDATA["Home Page feature validation"]]>
              </value>
            </param>
          </params>
          <reporter-output>
          </reporter-output>
        </test-method> <!-- runScenario -->
        <test-method signature="runScenario(io.cucumber.testng.PickleWrapper,io.cucumber.testng.FeatureWrapper)[pri:0, instance:runner.TestRunner@50f6ac94]" started-at="2023-08-21T19:26:25 EDT" name="runScenario" description="Runs Cucumber Scenarios" data-provider="scenarios" finished-at="2023-08-21T19:26:27 EDT" duration-ms="2175" status="PASS">
          <params>
            <param index="0">
              <value>
                <![CDATA["Register Page Navigation"]]>
              </value>
            </param>
            <param index="1">
              <value>
                <![CDATA["Home Page feature validation"]]>
              </value>
            </param>
          </params>
          <reporter-output>
          </reporter-output>
        </test-method> <!-- runScenario -->
        <test-method signature="runScenario(io.cucumber.testng.PickleWrapper,io.cucumber.testng.FeatureWrapper)[pri:0, instance:runner.TestRunner@50f6ac94]" started-at="2023-08-21T19:26:27 EDT" name="runScenario" description="Runs Cucumber Scenarios" data-provider="scenarios" finished-at="2023-08-21T19:26:30 EDT" duration-ms="2324" status="PASS">
          <params>
            <param index="0">
              <value>
                <![CDATA["Sign in Page Navigation"]]>
              </value>
            </param>
            <param index="1">
              <value>
                <![CDATA["Home Page feature validation"]]>
              </value>
            </param>
          </params>
          <reporter-output>
          </reporter-output>
        </test-method> <!-- runScenario -->
        <test-method signature="runScenario(io.cucumber.testng.PickleWrapper,io.cucumber.testng.FeatureWrapper)[pri:0, instance:runner.TestRunner@50f6ac94]" started-at="2023-08-21T19:26:30 EDT" name="runScenario" description="Runs Cucumber Scenarios" data-provider="scenarios" finished-at="2023-08-21T19:26:33 EDT" duration-ms="3143" status="PASS">
          <params>
            <param index="0">
              <value>
                <![CDATA["User is able to navigate to Linked List using dropdown option"]]>
              </value>
            </param>
            <param index="1">
              <value>
                <![CDATA["Linked List Page"]]>
              </value>
            </param>
          </params>
          <reporter-output>
          </reporter-output>
        </test-method> <!-- runScenario -->
        <test-method signature="runScenario(io.cucumber.testng.PickleWrapper,io.cucumber.testng.FeatureWrapper)[pri:0, instance:runner.TestRunner@50f6ac94]" started-at="2023-08-21T19:26:33 EDT" name="runScenario" description="Runs Cucumber Scenarios" data-provider="scenarios" finished-at="2023-08-21T19:26:36 EDT" duration-ms="3293" status="PASS">
          <params>
            <param index="0">
              <value>
                <![CDATA["User is able to navigate to Linked List using Get Strated option"]]>
              </value>
            </param>
            <param index="1">
              <value>
                <![CDATA["Linked List Page"]]>
              </value>
            </param>
          </params>
          <reporter-output>
          </reporter-output>
        </test-method> <!-- runScenario -->
        <test-method signature="runScenario(io.cucumber.testng.PickleWrapper,io.cucumber.testng.FeatureWrapper)[pri:0, instance:runner.TestRunner@50f6ac94]" started-at="2023-08-21T19:26:36 EDT" name="runScenario" description="Runs Cucumber Scenarios" data-provider="scenarios" finished-at="2023-08-21T19:26:39 EDT" duration-ms="3125" status="PASS">
          <params>
            <param index="0">
              <value>
                <![CDATA["User is seeing topics in Linked list page"]]>
              </value>
            </param>
            <param index="1">
              <value>
                <![CDATA["Linked List Page"]]>
              </value>
            </param>
          </params>
          <reporter-output>
          </reporter-output>
        </test-method> <!-- runScenario -->
        <test-method signature="runScenario(io.cucumber.testng.PickleWrapper,io.cucumber.testng.FeatureWrapper)[pri:0, instance:runner.TestRunner@50f6ac94]" started-at="2023-08-21T19:26:39 EDT" name="runScenario" description="Runs Cucumber Scenarios" data-provider="scenarios" finished-at="2023-08-21T19:26:47 EDT" duration-ms="7458" status="PASS">
          <params>
            <param index="0">
              <value>
                <![CDATA["User is seeing topics in Linked list page"]]>
              </value>
            </param>
            <param index="1">
              <value>
                <![CDATA["Linked List Page"]]>
              </value>
            </param>
          </params>
          <reporter-output>
          </reporter-output>
        </test-method> <!-- runScenario -->
        <test-method signature="runScenario(io.cucumber.testng.PickleWrapper,io.cucumber.testng.FeatureWrapper)[pri:0, instance:runner.TestRunner@50f6ac94]" started-at="2023-08-21T19:26:47 EDT" name="runScenario" description="Runs Cucumber Scenarios" data-provider="scenarios" finished-at="2023-08-21T19:26:51 EDT" duration-ms="4376" status="PASS">
          <params>
            <param index="0">
              <value>
                <![CDATA["User is able to try code in Linked list page"]]>
              </value>
            </param>
            <param index="1">
              <value>
                <![CDATA["Linked List Page"]]>
              </value>
            </param>
          </params>
          <reporter-output>
          </reporter-output>
        </test-method> <!-- runScenario -->
        <test-method signature="runScenario(io.cucumber.testng.PickleWrapper,io.cucumber.testng.FeatureWrapper)[pri:0, instance:runner.TestRunner@50f6ac94]" started-at="2023-08-21T19:26:51 EDT" name="runScenario" description="Runs Cucumber Scenarios" data-provider="scenarios" finished-at="2023-08-21T19:26:56 EDT" duration-ms="5131" status="PASS">
          <params>
            <param index="0">
              <value>
                <![CDATA["User is able to try code in Linked list page"]]>
              </value>
            </param>
            <param index="1">
              <value>
                <![CDATA["Linked List Page"]]>
              </value>
            </param>
          </params>
          <reporter-output>
          </reporter-output>
        </test-method> <!-- runScenario -->
        <test-method signature="runScenario(io.cucumber.testng.PickleWrapper,io.cucumber.testng.FeatureWrapper)[pri:0, instance:runner.TestRunner@50f6ac94]" started-at="2023-08-21T19:26:56 EDT" name="runScenario" description="Runs Cucumber Scenarios" data-provider="scenarios" finished-at="2023-08-21T19:27:01 EDT" duration-ms="4701" status="PASS">
          <params>
            <param index="0">
              <value>
                <![CDATA["User is able to try code in Linked list page"]]>
              </value>
            </param>
            <param index="1">
              <value>
                <![CDATA["Linked List Page"]]>
              </value>
            </param>
          </params>
          <reporter-output>
          </reporter-output>
        </test-method> <!-- runScenario -->
        <test-method signature="runScenario(io.cucumber.testng.PickleWrapper,io.cucumber.testng.FeatureWrapper)[pri:0, instance:runner.TestRunner@50f6ac94]" started-at="2023-08-21T19:27:01 EDT" name="runScenario" description="Runs Cucumber Scenarios" data-provider="scenarios" finished-at="2023-08-21T19:27:05 EDT" duration-ms="4090" status="PASS">
          <params>
            <param index="0">
              <value>
                <![CDATA["User is able to try code in Linked list page"]]>
              </value>
            </param>
            <param index="1">
              <value>
                <![CDATA["Linked List Page"]]>
              </value>
            </param>
          </params>
          <reporter-output>
          </reporter-output>
        </test-method> <!-- runScenario -->
        <test-method signature="runScenario(io.cucumber.testng.PickleWrapper,io.cucumber.testng.FeatureWrapper)[pri:0, instance:runner.TestRunner@50f6ac94]" started-at="2023-08-21T19:27:05 EDT" name="runScenario" description="Runs Cucumber Scenarios" data-provider="scenarios" finished-at="2023-08-21T19:27:10 EDT" duration-ms="5090" status="PASS">
          <params>
            <param index="0">
              <value>
                <![CDATA["User is able to try code in Linked list page"]]>
              </value>
            </param>
            <param index="1">
              <value>
                <![CDATA["Linked List Page"]]>
              </value>
            </param>
          </params>
          <reporter-output>
          </reporter-output>
        </test-method> <!-- runScenario -->
        <test-method signature="runScenario(io.cucumber.testng.PickleWrapper,io.cucumber.testng.FeatureWrapper)[pri:0, instance:runner.TestRunner@50f6ac94]" started-at="2023-08-21T19:27:10 EDT" name="runScenario" description="Runs Cucumber Scenarios" data-provider="scenarios" finished-at="2023-08-21T19:27:14 EDT" duration-ms="4216" status="PASS">
          <params>
            <param index="0">
              <value>
                <![CDATA["User is able to try code in Linked list page"]]>
              </value>
            </param>
            <param index="1">
              <value>
                <![CDATA["Linked List Page"]]>
              </value>
            </param>
          </params>
          <reporter-output>
          </reporter-output>
        </test-method> <!-- runScenario -->
        <test-method signature="runScenario(io.cucumber.testng.PickleWrapper,io.cucumber.testng.FeatureWrapper)[pri:0, instance:runner.TestRunner@50f6ac94]" started-at="2023-08-21T19:27:14 EDT" name="runScenario" description="Runs Cucumber Scenarios" data-provider="scenarios" finished-at="2023-08-21T19:27:19 EDT" duration-ms="4781" status="PASS">
          <params>
            <param index="0">
              <value>
                <![CDATA["User is able to try code in Linked list page"]]>
              </value>
            </param>
            <param index="1">
              <value>
                <![CDATA["Linked List Page"]]>
              </value>
            </param>
          </params>
          <reporter-output>
          </reporter-output>
        </test-method> <!-- runScenario -->
        <test-method signature="runScenario(io.cucumber.testng.PickleWrapper,io.cucumber.testng.FeatureWrapper)[pri:0, instance:runner.TestRunner@50f6ac94]" started-at="2023-08-21T19:27:19 EDT" name="runScenario" description="Runs Cucumber Scenarios" data-provider="scenarios" finished-at="2023-08-21T19:27:24 EDT" duration-ms="4665" status="PASS">
          <params>
            <param index="0">
              <value>
                <![CDATA["User is able to try code in Linked list page"]]>
              </value>
            </param>
            <param index="1">
              <value>
                <![CDATA["Linked List Page"]]>
              </value>
            </param>
          </params>
          <reporter-output>
          </reporter-output>
        </test-method> <!-- runScenario -->
        <test-method signature="runScenario(io.cucumber.testng.PickleWrapper,io.cucumber.testng.FeatureWrapper)[pri:0, instance:runner.TestRunner@50f6ac94]" started-at="2023-08-21T19:27:24 EDT" name="runScenario" description="Runs Cucumber Scenarios" data-provider="scenarios" finished-at="2023-08-21T19:27:29 EDT" duration-ms="4829" status="PASS">
          <params>
            <param index="0">
              <value>
                <![CDATA["User is able to try code in Linked list page"]]>
              </value>
            </param>
            <param index="1">
              <value>
[...]
          <params>
            <param index="0">
              <value>
                <![CDATA["User is able to try code in Tree page"]]>
              </value>
            </param>
            <param index="1">
              <value>
                <![CDATA["Tree Page"]]>
              </value>
            </param>
          </params>
          <reporter-output>
          </reporter-output>
        </test-method> <!-- runScenario -->
        <test-method signature="runScenario(io.cucumber.testng.PickleWrapper,io.cucumber.testng.FeatureWrapper)[pri:0, instance:runner.TestRunner@50f6ac94]" started-at="2023-08-21T19:28:47 EDT" name="runScenario" description="Runs Cucumber Scenarios" data-provider="scenarios" finished-at="2023-08-21T19:28:52 EDT" duration-ms="4834" status="PASS">
          <params>
            <param index="0">
              <value>
                <![CDATA["User is able to try code in Tree page"]]>
              </value>
            </param>
            <param index="1">
              <value>
                <![CDATA["Tree Page"]]>
              </value>
            </param>
          </params>
          <reporter-output>
          </reporter-output>
        </test-method> <!-- runScenario -->
        <test-method signature="runScenario(io.cucumber.testng.PickleWrapper,io.cucumber.testng.FeatureWrapper)[pri:0, instance:runner.TestRunner@50f6ac94]" started-at="2023-08-21T19:28:52 EDT" name="runScenario" description="Runs Cucumber Scenarios" data-provider="scenarios" finished-at="2023-08-21T19:28:56 EDT" duration-ms="4690" status="PASS">
          <params>
            <param index="0">
              <value>
                <![CDATA["User is able to try code in Tree page"]]>
              </value>
            </param>
            <param index="1">
              <value>
                <![CDATA["Tree Page"]]>
              </value>
            </param>
          </params>
          <reporter-output>
          </reporter-output>
        </test-method> <!-- runScenario -->
        <test-method signature="runScenario(io.cucumber.testng.PickleWrapper,io.cucumber.testng.FeatureWrapper)[pri:0, instance:runner.TestRunner@50f6ac94]" started-at="2023-08-21T19:28:56 EDT" name="runScenario" description="Runs Cucumber Scenarios" data-provider="scenarios" finished-at="2023-08-21T19:29:00 EDT" duration-ms="4111" status="PASS">
          <params>
            <param index="0">
              <value>
                <![CDATA["User is able to try code in Tree page"]]>
              </value>
            </param>
            <param index="1">
              <value>
                <![CDATA["Tree Page"]]>
              </value>
            </param>
          </params>
          <reporter-output>
          </reporter-output>
        </test-method> <!-- runScenario -->
        <test-method signature="runScenario(io.cucumber.testng.PickleWrapper,io.cucumber.testng.FeatureWrapper)[pri:0, instance:runner.TestRunner@50f6ac94]" started-at="2023-08-21T19:29:00 EDT" name="runScenario" description="Runs Cucumber Scenarios" data-provider="scenarios" finished-at="2023-08-21T19:29:05 EDT" duration-ms="4697" status="PASS">
          <params>
            <param index="0">
              <value>
                <![CDATA["User is able to try code in Tree page"]]>
              </value>
            </param>
            <param index="1">
              <value>
                <![CDATA["Tree Page"]]>
              </value>
            </param>
          </params>
          <reporter-output>
          </reporter-output>
        </test-method> <!-- runScenario -->
        <test-method signature="runScenario(io.cucumber.testng.PickleWrapper,io.cucumber.testng.FeatureWrapper)[pri:0, instance:runner.TestRunner@50f6ac94]" started-at="2023-08-21T19:29:05 EDT" name="runScenario" description="Runs Cucumber Scenarios" data-provider="scenarios" finished-at="2023-08-21T19:29:09 EDT" duration-ms="4074" status="PASS">
          <params>
            <param index="0">
              <value>
                <![CDATA["User is able to try code in Tree page"]]>
              </value>
            </param>
            <param index="1">
              <value>
                <![CDATA["Tree Page"]]>
              </value>
            </param>
          </params>
          <reporter-output>
          </reporter-output>
        </test-method> <!-- runScenario -->
        <test-method signature="runScenario(io.cucumber.testng.PickleWrapper,io.cucumber.testng.FeatureWrapper)[pri:0, instance:runner.TestRunner@50f6ac94]" started-at="2023-08-21T19:29:09 EDT" name="runScenario" description="Runs Cucumber Scenarios" data-provider="scenarios" finished-at="2023-08-21T19:29:13 EDT" duration-ms="4282" status="PASS">
          <params>
            <param index="0">
              <value>
                <![CDATA["User is able to try code in Tree page"]]>
              </value>
            </param>
            <param index="1">
              <value>
                <![CDATA["Tree Page"]]>
              </value>
            </param>
          </params>
          <reporter-output>
          </reporter-output>
        </test-method> <!-- runScenario -->
        <test-method signature="runScenario(io.cucumber.testng.PickleWrapper,io.cucumber.testng.FeatureWrapper)[pri:0, instance:runner.TestRunner@50f6ac94]" started-at="2023-08-21T19:29:13 EDT" name="runScenario" description="Runs Cucumber Scenarios" data-provider="scenarios" finished-at="2023-08-21T19:29:19 EDT" duration-ms="5033" status="PASS">
          <params>
            <param index="0">
              <value>
                <![CDATA["User is able to try code in Tree page"]]>
              </value>
            </param>
            <param index="1">
              <value>
                <![CDATA["Tree Page"]]>
              </value>
            </param>
          </params>
          <reporter-output>
          </reporter-output>
        </test-method> <!-- runScenario -->
        <test-method signature="runScenario(io.cucumber.testng.PickleWrapper,io.cucumber.testng.FeatureWrapper)[pri:0, instance:runner.TestRunner@50f6ac94]" started-at="2023-08-21T19:29:19 EDT" name="runScenario" description="Runs Cucumber Scenarios" data-provider="scenarios" finished-at="2023-08-21T19:29:23 EDT" duration-ms="4000" status="PASS">
          <params>
            <param index="0">
              <value>
                <![CDATA["User is able to try code in Tree page"]]>
              </value>
            </param>
            <param index="1">
              <value>
                <![CDATA["Tree Page"]]>
              </value>
            </param>
          </params>
          <reporter-output>
          </reporter-output>
        </test-method> <!-- runScenario -->
        <test-method signature="runScenario(io.cucumber.testng.PickleWrapper,io.cucumber.testng.FeatureWrapper)[pri:0, instance:runner.TestRunner@50f6ac94]" started-at="2023-08-21T19:29:23 EDT" name="runScenario" description="Runs Cucumber Scenarios" data-provider="scenarios" finished-at="2023-08-21T19:29:27 EDT" duration-ms="4895" status="PASS">
          <params>
            <param index="0">
              <value>
                <![CDATA["User is able to try code in Tree page"]]>
              </value>
            </param>
            <param index="1">
              <value>
                <![CDATA["Tree Page"]]>
              </value>
            </param>
          </params>
          <reporter-output>
          </reporter-output>
        </test-method> <!-- runScenario -->
        <test-method signature="runScenario(io.cucumber.testng.PickleWrapper,io.cucumber.testng.FeatureWrapper)[pri:0, instance:runner.TestRunner@50f6ac94]" started-at="2023-08-21T19:29:27 EDT" name="runScenario" description="Runs Cucumber Scenarios" data-provider="scenarios" finished-at="2023-08-21T19:29:32 EDT" duration-ms="4847" status="PASS">
          <params>
            <param index="0">
              <value>
                <![CDATA["User is able to try code in Tree page"]]>
              </value>
            </param>
            <param index="1">
              <value>
                <![CDATA["Tree Page"]]>
              </value>
            </param>
          </params>
          <reporter-output>
          </reporter-output>
        </test-method> <!-- runScenario -->
        <test-method signature="runScenario(io.cucumber.testng.PickleWrapper,io.cucumber.testng.FeatureWrapper)[pri:0, instance:runner.TestRunner@50f6ac94]" started-at="2023-08-21T19:29:32 EDT" name="runScenario" description="Runs Cucumber Scenarios" data-provider="scenarios" finished-at="2023-08-21T19:29:37 EDT" duration-ms="4444" status="PASS">
          <params>
            <param index="0">
              <value>
                <![CDATA["User is able to try code in Tree page"]]>
              </value>
            </param>
            <param index="1">
              <value>
                <![CDATA["Tree Page"]]>
              </value>
            </param>
          </params>
          <reporter-output>
          </reporter-output>
        </test-method> <!-- runScenario -->
        <test-method signature="runScenario(io.cucumber.testng.PickleWrapper,io.cucumber.testng.FeatureWrapper)[pri:0, instance:runner.TestRunner@50f6ac94]" started-at="2023-08-21T19:29:37 EDT" name="runScenario" description="Runs Cucumber Scenarios" data-provider="scenarios" finished-at="2023-08-21T19:29:41 EDT" duration-ms="4111" status="PASS">
          <params>
            <param index="0">
              <value>
                <![CDATA["User is able to try code in Tree page"]]>
              </value>
            </param>
            <param index="1">
              <value>
                <![CDATA["Tree Page"]]>
              </value>
            </param>
          </params>
          <reporter-output>
          </reporter-output>
        </test-method> <!-- runScenario -->
        <test-method signature="runScenario(io.cucumber.testng.PickleWrapper,io.cucumber.testng.FeatureWrapper)[pri:0, instance:runner.TestRunner@50f6ac94]" started-at="2023-08-21T19:29:41 EDT" name="runScenario" description="Runs Cucumber Scenarios" data-provider="scenarios" finished-at="2023-08-21T19:29:45 EDT" duration-ms="3816" status="PASS">
          <params>
            <param index="0">
              <value>
                <![CDATA["User is able to try code in Tree page"]]>
              </value>
            </param>
            <param index="1">
              <value>
                <![CDATA["Tree Page"]]>
              </value>
            </param>
          </params>
          <reporter-output>
          </reporter-output>
        </test-method> <!-- runScenario -->
        <test-method signature="runScenario(io.cucumber.testng.PickleWrapper,io.cucumber.testng.FeatureWrapper)[pri:0, instance:runner.TestRunner@50f6ac94]" started-at="2023-08-21T19:29:45 EDT" name="runScenario" description="Runs Cucumber Scenarios" data-provider="scenarios" finished-at="2023-08-21T19:29:49 EDT" duration-ms="4653" status="PASS">
          <params>
            <param index="0">
              <value>
                <![CDATA["User is able to try code in Tree page"]]>
              </value>
            </param>
            <param index="1">
              <value>
                <![CDATA["Tree Page"]]>
              </value>
            </param>
          </params>
          <reporter-output>
          </reporter-output>
        </test-method> <!-- runScenario -->
        <test-method signature="runScenario(io.cucumber.testng.PickleWrapper,io.cucumber.testng.FeatureWrapper)[pri:0, instance:runner.TestRunner@50f6ac94]" started-at="2023-08-21T19:29:49 EDT" name="runScenario" description="Runs Cucumber Scenarios" data-provider="scenarios" finished-at="2023-08-21T19:29:54 EDT" duration-ms="4797" status="PASS">
          <params>
            <param index="0">
              <value>
                <![CDATA["User is able to try code in Tree page"]]>
              </value>
            </param>
            <param index="1">
              <value>
                <![CDATA["Tree Page"]]>
              </value>
            </param>
          </params>
          <reporter-output>
          </reporter-output>
        </test-method> <!-- runScenario -->
        <test-method signature="runScenario(io.cucumber.testng.PickleWrapper,io.cucumber.testng.FeatureWrapper)[pri:0, instance:runner.TestRunner@50f6ac94]" started-at="2023-08-21T19:29:54 EDT" name="runScenario" description="Runs Cucumber Scenarios" data-provider="scenarios" finished-at="2023-08-21T19:29:59 EDT" duration-ms="4565" status="PASS">
          <params>
            <param index="0">
              <value>
                <![CDATA["User is able to try code in Tree page"]]>
              </value>
            </param>
            <param index="1">
              <value>
                <![CDATA["Tree Page"]]>
              </value>
            </param>
          </params>
          <reporter-output>
          </reporter-output>
        </test-method> <!-- runScenario -->
        <test-method signature="runScenario(io.cucumber.testng.PickleWrapper,io.cucumber.testng.FeatureWrapper)[pri:0, instance:runner.TestRunner@50f6ac94]" started-at="2023-08-21T19:29:59 EDT" name="runScenario" description="Runs Cucumber Scenarios" data-provider="scenarios" finished-at="2023-08-21T19:30:03 EDT" duration-ms="4751" status="PASS">
          <params>
            <param index="0">
              <value>
                <![CDATA["User is able to try code in Tree page"]]>
              </value>
            </param>
            <param index="1">
              <value>
                <![CDATA["Tree Page"]]>
              </value>
            </param>
          </params>
          <reporter-output>
          </reporter-output>
        </test-method> <!-- runScenario -->
        <test-method signature="runScenario(io.cucumber.testng.PickleWrapper,io.cucumber.testng.FeatureWrapper)[pri:0, instance:runner.TestRunner@50f6ac94]" started-at="2023-08-21T19:30:03 EDT" name="runScenario" description="Runs Cucumber Scenarios" data-provider="scenarios" finished-at="2023-08-21T19:30:08 EDT" duration-ms="4726" status="PASS">
          <params>
            <param index="0">
              <value>
                <![CDATA["User is able to try code in Tree page"]]>
              </value>
            </param>
            <param index="1">
              <value>
                <![CDATA["Tree Page"]]>
              </value>
            </param>
          </params>
          <reporter-output>
          </reporter-output>
        </test-method> <!-- runScenario -->
        <test-method signature="runScenario(io.cucumber.testng.PickleWrapper,io.cucumber.testng.FeatureWrapper)[pri:0, instance:runner.TestRunner@50f6ac94]" started-at="2023-08-21T19:30:08 EDT" name="runScenario" description="Runs Cucumber Scenarios" data-provider="scenarios" finished-at="2023-08-21T19:30:13 EDT" duration-ms="5293" status="PASS">
          <params>
            <param index="0">
              <value>
                <![CDATA["User is able to try code in Tree page"]]>
              </value>
            </param>
            <param index="1">
              <value>
                <![CDATA["Tree Page"]]>
              </value>
            </param>
          </params>
          <reporter-output>
          </reporter-output>
        </test-method> <!-- runScenario -->
        <test-method signature="runScenario(io.cucumber.testng.PickleWrapper,io.cucumber.testng.FeatureWrapper)[pri:0, instance:runner.TestRunner@50f6ac94]" started-at="2023-08-21T19:30:13 EDT" name="runScenario" description="Runs Cucumber Scenarios" data-provider="scenarios" finished-at="2023-08-21T19:30:18 EDT" duration-ms="4796" status="PASS">
          <params>
            <param index="0">
              <value>
                <![CDATA["User is able to try code in Tree page"]]>
              </value>
            </param>
            <param index="1">
              <value>
                <![CDATA["Tree Page"]]>
              </value>
            </param>
          </params>
          <reporter-output>
          </reporter-output>
        </test-method> <!-- runScenario -->
        <test-method signature="runScenario(io.cucumber.testng.PickleWrapper,io.cucumber.testng.FeatureWrapper)[pri:0, instance:runner.TestRunner@50f6ac94]" started-at="2023-08-21T19:30:18 EDT" name="runScenario" description="Runs Cucumber Scenarios" data-provider="scenarios" finished-at="2023-08-21T19:30:24 EDT" duration-ms="5491" status="PASS">
          <params>
            <param index="0">
              <value>
                <![CDATA["User is able to try code in Tree page"]]>
              </value>
            </param>
            <param index="1">
              <value>
                <![CDATA["Tree Page"]]>
              </value>
            </param>
          </params>
          <reporter-output>
          </reporter-output>
        </test-method> <!-- runScenario -->
        <test-method signature="runScenario(io.cucumber.testng.PickleWrapper,io.cucumber.testng.FeatureWrapper)[pri:0, instance:runner.TestRunner@50f6ac94]" started-at="2023-08-21T19:30:24 EDT" name="runScenario" description="Runs Cucumber Scenarios" data-provider="scenarios" finished-at="2023-08-21T19:30:29 EDT" duration-ms="5498" status="PASS">
          <params>
            <param index="0">
              <value>
                <![CDATA["User is able to try code in Tree page"]]>
              </value>
            </param>
            <param index="1">
              <value>
                <![CDATA["Tree Page"]]>
              </value>
            </param>
          </params>
          <reporter-output>
          </reporter-output>
        </test-method> <!-- runScenario -->
        <test-method signature="runScenario(io.cucumber.testng.PickleWrapper,io.cucumber.testng.FeatureWrapper)[pri:0, instance:runner.TestRunner@50f6ac94]" started-at="2023-08-21T19:30:29 EDT" name="runScenario" description="Runs Cucumber Scenarios" data-provider="scenarios" finished-at="2023-08-21T19:30:34 EDT" duration-ms="4582" status="PASS">
          <params>
            <param index="0">
              <value>
                <![CDATA["User is able to try code in Tree page"]]>
              </value>
            </param>
            <param index="1">
              <value>
                <![CDATA["Tree Page"]]>
              </value>
            </param>
          </params>
          <reporter-output>
          </reporter-output>
        </test-method> <!-- runScenario -->
        <test-method signature="runScenario(io.cucumber.testng.PickleWrapper,io.cucumber.testng.FeatureWrapper)[pri:0, instance:runner.TestRunner@50f6ac94]" started-at="2023-08-21T19:30:34 EDT" name="runScenario" description="Runs Cucumber Scenarios" data-provider="scenarios" finished-at="2023-08-21T19:30:39 EDT" duration-ms="5057" status="PASS">
          <params>
            <param index="0">
              <value>
                <![CDATA["User is able to try code in Tree page"]]>
              </value>
            </param>
            <param index="1">
              <value>
                <![CDATA["Tree Page"]]>
              </value>
            </param>
          </params>
          <reporter-output>
          </reporter-output>
        </test-method> <!-- runScenario -->
        <test-method is-config="true" signature="tearDownClass()[pri:0, instance:runner.TestRunner@50f6ac94]" started-at="2023-08-21T19:30:39 EDT" name="tearDownClass" finished-at="2023-08-21T19:30:47 EDT" duration-ms="8276" status="PASS">
          <reporter-output>
          </reporter-output>
        </test-method> <!-- tearDownClass -->
      </class> <!-- runner.TestRunner -->
    </test> <!-- Default test -->
  </suite> <!-- Default suite -->
</testng-results>
